[INFO] 2022-02-12 13:13:41,379 - *click* 
[INFO] 2022-02-12 13:13:41,399 - a human is starting... 
[INFO] 2022-02-12 13:13:41,595 - clicks 0 
[INFO] 2022-02-12 13:13:42,069 - clicks 1 
[INFO] 2022-02-12 13:13:42,069 - initialising a planet 
[INFO] 2022-02-12 13:13:42,753 - clicks 2 
[INFO] 2022-02-12 13:13:42,753 - initialising a planet 
[INFO] 2022-02-12 13:13:43,542 - clicks 3 
[INFO] 2022-02-12 13:13:43,542 - initialising a planet 
[INFO] 2022-02-12 13:13:44,108 - collision 
[INFO] 2022-02-12 13:13:44,512 - yum 
[INFO] 2022-02-12 13:14:26,388 - *click* 
[INFO] 2022-02-12 13:14:27,203 - *click* 
[INFO] 2022-02-12 13:14:27,345 - a human is starting... 
[INFO] 2022-02-12 13:14:27,546 - clicks 0 
[INFO] 2022-02-12 13:14:28,138 - clicks 1 
[INFO] 2022-02-12 13:14:28,138 - initialising a planet 
[INFO] 2022-02-12 13:14:28,586 - clicks 2 
[INFO] 2022-02-12 13:14:28,586 - initialising a planet 
[INFO] 2022-02-12 13:14:29,296 - clicks 3 
[INFO] 2022-02-12 13:14:29,296 - initialising a planet 
[INFO] 2022-02-12 13:14:29,619 - collision 
[INFO] 2022-02-12 13:14:30,004 - yum 
[INFO] 2022-02-12 13:15:31,384 - *click* 
[INFO] 2022-02-12 13:15:31,483 - a human is starting... 
[INFO] 2022-02-12 13:15:31,690 - clicks 0 
[INFO] 2022-02-12 13:15:32,118 - clicks 1 
[INFO] 2022-02-12 13:15:32,118 - initialising a planet 
[INFO] 2022-02-12 13:15:32,432 - clicks 2 
[INFO] 2022-02-12 13:15:32,432 - initialising a planet 
[INFO] 2022-02-12 13:15:32,707 - clicks 3 
[INFO] 2022-02-12 13:15:32,707 - initialising a planet 
[INFO] 2022-02-12 13:15:33,088 - collision 
[DEBUG] 2022-02-15 11:24:00,131 - *click* 
[DEBUG] 2022-02-15 11:24:01,203 - *click* 
[DEBUG] 2022-02-15 11:24:01,222 - a human is starting... 
[INFO] 2022-02-15 11:24:01,222 - Score = 0 
[DEBUG] 2022-02-15 11:24:01,444 - clicks 0 
